<?xml version="1.0" encoding="UTF-8"?>
<!-- Generated by org.testng.reporters.JUnitReportReporter -->
<testsuite skipped="0" hostname="DESKTOP-4OT405N" name="qaclickacademy.Mavenjava.RESTAPITest" tests="2" failures="0" timestamp="2020-11-05T11:53:36 CET" time="0.011" errors="0">
  <testcase name="deleteTwitter" time="0.011" classname="qaclickacademy.Mavenjava.RESTAPITest"/>
  <system-out/>
  <testcase name="postJira" time="0.000" classname="qaclickacademy.Mavenjava.RESTAPITest"/>
  <system-out/>
</testsuite> <!-- qaclickacademy.Mavenjava.RESTAPITest -->
