<?xml version="1.0" encoding="UTF-8"?>
<!-- Generated by org.testng.reporters.JUnitReportReporter -->
<testsuite skipped="0" hostname="DESKTOP-4OT405N" name="qaclickacademy.Mavenjava.AppiumTest" tests="2" failures="0" timestamp="2020-11-05T11:53:36 CET" time="0.001" errors="0">
  <testcase name="NativeAppAndroid" time="0.000" classname="qaclickacademy.Mavenjava.AppiumTest"/>
  <system-out/>
  <testcase name="IOSApps" time="0.001" classname="qaclickacademy.Mavenjava.AppiumTest"/>
  <system-out/>
</testsuite> <!-- qaclickacademy.Mavenjava.AppiumTest -->
